<?xml version="1.0" encoding="UTF-8"?>
<testng-results ignored="0" total="1" passed="1" failed="0" skipped="0">
  <reporter-output>
  </reporter-output>
  <suite started-at="2026-06-08T14:59:27 ICT" name="UI Automation Suite" finished-at="2026-06-08T15:07:56 ICT" duration-ms="508247">
    <groups>
    </groups>
    <test started-at="2026-06-08T14:59:27 ICT" name="Login Tests" finished-at="2026-06-08T15:07:56 ICT" duration-ms="508247">
      <class name="com.demo.selenium.LoginTest">
        <test-method is-config="true" signature="setUp()[pri:0, instance:com.demo.selenium.LoginTest@6e20b53a]" started-at="2026-06-08T14:59:27 ICT" name="setUp" finished-at="2026-06-08T14:59:29 ICT" duration-ms="1704" status="PASS">
          <reporter-output>
          </reporter-output>
        </test-method> <!-- setUp -->
        <test-method signature="testLogin()[pri:0, instance:com.demo.selenium.LoginTest@6e20b53a]" started-at="2026-06-08T14:59:29 ICT" name="testLogin" finished-at="2026-06-08T15:07:55 ICT" duration-ms="506342" status="PASS">
          <reporter-output>
          </reporter-output>
        </test-method> <!-- testLogin -->
        <test-method is-config="true" signature="tearDown()[pri:0, instance:com.demo.selenium.LoginTest@6e20b53a]" started-at="2026-06-08T15:07:55 ICT" name="tearDown" finished-at="2026-06-08T15:07:56 ICT" duration-ms="168" status="PASS">
          <reporter-output>
          </reporter-output>
        </test-method> <!-- tearDown -->
      </class> <!-- com.demo.selenium.LoginTest -->
    </test> <!-- Login Tests -->
  </suite> <!-- UI Automation Suite -->
</testng-results>
